mode: atomic
github.com/jaeoheeail/godispatch/worker.go:14.26,19.2 1 12
github.com/jaeoheeail/godispatch/worker.go:22.39,24.12 2 12
github.com/jaeoheeail/godispatch/worker.go:24.12,25.7 1 12
github.com/jaeoheeail/godispatch/worker.go:25.7,26.11 1 74
github.com/jaeoheeail/godispatch/worker.go:27.4,30.15 2 62
github.com/jaeoheeail/godispatch/worker.go:34.5,34.14 1 62
github.com/jaeoheeail/godispatch/worker.go:35.4,37.11 1 12
github.com/jaeoheeail/godispatch/worker.go:30.15,33.6 2 62
github.com/jaeoheeail/godispatch/godispatch.go:15.47,20.2 1 3
github.com/jaeoheeail/godispatch/godispatch.go:23.49,28.17 3 48
github.com/jaeoheeail/godispatch/godispatch.go:32.2,36.18 3 48
github.com/jaeoheeail/godispatch/godispatch.go:28.17,31.3 2 12
github.com/jaeoheeail/godispatch/godispatch.go:40.30,43.43 2 3
github.com/jaeoheeail/godispatch/godispatch.go:47.2,47.13 1 3
github.com/jaeoheeail/godispatch/godispatch.go:43.43,46.3 2 12
