mode: set
github.com/jaeoheeail/godispatch/worker.go:15.26,20.2 1 1
github.com/jaeoheeail/godispatch/worker.go:23.39,25.12 2 1
github.com/jaeoheeail/godispatch/worker.go:25.12,26.7 1 1
github.com/jaeoheeail/godispatch/worker.go:26.7,27.11 1 1
github.com/jaeoheeail/godispatch/worker.go:28.4,29.20 1 1
github.com/jaeoheeail/godispatch/worker.go:38.4,40.11 2 1
github.com/jaeoheeail/godispatch/worker.go:29.20,32.16 3 1
github.com/jaeoheeail/godispatch/worker.go:36.6,36.15 1 1
github.com/jaeoheeail/godispatch/worker.go:32.16,35.7 2 1
github.com/jaeoheeail/godispatch/godispatch.go:19.68,28.26 3 1
github.com/jaeoheeail/godispatch/godispatch.go:32.2,32.21 1 1
github.com/jaeoheeail/godispatch/godispatch.go:36.2,38.10 2 1
github.com/jaeoheeail/godispatch/godispatch.go:28.26,30.3 1 1
github.com/jaeoheeail/godispatch/godispatch.go:32.21,34.3 1 1
github.com/jaeoheeail/godispatch/godispatch.go:42.49,47.17 3 1
github.com/jaeoheeail/godispatch/godispatch.go:51.2,55.18 3 1
github.com/jaeoheeail/godispatch/godispatch.go:47.17,50.3 2 1
github.com/jaeoheeail/godispatch/godispatch.go:59.30,62.43 3 1
github.com/jaeoheeail/godispatch/godispatch.go:66.2,67.43 2 1
github.com/jaeoheeail/godispatch/godispatch.go:62.43,65.3 2 1
